Determining if the pthread_create exist failed with the following output:
Change Dir: /home/yunle/ws/src/AutoCar/Percision/LidarLaneDetect/cmake-build-debug/CMakeFiles/CMakeTmp

Run Build Command:"/usr/bin/make" "cmTC_3955b/fast"
/usr/bin/make -f CMakeFiles/cmTC_3955b.dir/build.make CMakeFiles/cmTC_3955b.dir/build
make[1]: Entering directory '/home/yunle/ws/src/AutoCar/Percision/LidarLaneDetect/cmake-build-debug/CMakeFiles/CMakeTmp'
Building C object CMakeFiles/cmTC_3955b.dir/CheckSymbolExists.c.o
/usr/bin/cc    -o CMakeFiles/cmTC_3955b.dir/CheckSymbolExists.c.o   -c /home/yunle/ws/src/AutoCar/Percision/LidarLaneDetect/cmake-build-debug/CMakeFiles/CMakeTmp/CheckSymbolExists.c
Linking C executable cmTC_3955b
/home/yunle/Soft/clion-2018.2.5/bin/cmake/linux/bin/cmake -E cmake_link_script CMakeFiles/cmTC_3955b.dir/link.txt --verbose=1
/usr/bin/cc      -rdynamic CMakeFiles/cmTC_3955b.dir/CheckSymbolExists.c.o  -o cmTC_3955b 
CMakeFiles/cmTC_3955b.dir/CheckSymbolExists.c.o: In function `main':
CheckSymbolExists.c:(.text+0x16): undefined reference to `pthread_create'
collect2: error: ld returned 1 exit status
CMakeFiles/cmTC_3955b.dir/build.make:86: recipe for target 'cmTC_3955b' failed
make[1]: *** [cmTC_3955b] Error 1
make[1]: Leaving directory '/home/yunle/ws/src/AutoCar/Percision/LidarLaneDetect/cmake-build-debug/CMakeFiles/CMakeTmp'
Makefile:121: recipe for target 'cmTC_3955b/fast' failed
make: *** [cmTC_3955b/fast] Error 2

File /home/yunle/ws/src/AutoCar/Percision/LidarLaneDetect/cmake-build-debug/CMakeFiles/CMakeTmp/CheckSymbolExists.c:
/* */
#include <pthread.h>

int main(int argc, char** argv)
{
  (void)argv;
#ifndef pthread_create
  return ((int*)(&pthread_create))[argc];
#else
  (void)argc;
  return 0;
#endif
}

Determining if the function pthread_create exists in the pthreads failed with the following output:
Change Dir: /home/yunle/ws/src/AutoCar/Percision/LidarLaneDetect/cmake-build-debug/CMakeFiles/CMakeTmp

Run Build Command:"/usr/bin/make" "cmTC_728b0/fast"
/usr/bin/make -f CMakeFiles/cmTC_728b0.dir/build.make CMakeFiles/cmTC_728b0.dir/build
make[1]: Entering directory '/home/yunle/ws/src/AutoCar/Percision/LidarLaneDetect/cmake-build-debug/CMakeFiles/CMakeTmp'
Building C object CMakeFiles/cmTC_728b0.dir/CheckFunctionExists.c.o
/usr/bin/cc   -DCHECK_FUNCTION_EXISTS=pthread_create   -o CMakeFiles/cmTC_728b0.dir/CheckFunctionExists.c.o   -c /home/yunle/Soft/clion-2018.2.5/bin/cmake/linux/share/cmake-3.12/Modules/CheckFunctionExists.c
Linking C executable cmTC_728b0
/home/yunle/Soft/clion-2018.2.5/bin/cmake/linux/bin/cmake -E cmake_link_script CMakeFiles/cmTC_728b0.dir/link.txt --verbose=1
/usr/bin/cc  -DCHECK_FUNCTION_EXISTS=pthread_create    -rdynamic CMakeFiles/cmTC_728b0.dir/CheckFunctionExists.c.o  -o cmTC_728b0 -lpthreads 
/usr/bin/ld: cannot find -lpthreads
collect2: error: ld returned 1 exit status
CMakeFiles/cmTC_728b0.dir/build.make:86: recipe for target 'cmTC_728b0' failed
make[1]: *** [cmTC_728b0] Error 1
make[1]: Leaving directory '/home/yunle/ws/src/AutoCar/Percision/LidarLaneDetect/cmake-build-debug/CMakeFiles/CMakeTmp'
Makefile:121: recipe for target 'cmTC_728b0/fast' failed
make: *** [cmTC_728b0/fast] Error 2


