Determining if the pthread_create exist failed with the following output:
Change Dir: /home/yunle/ws/src/AutoCar/Localization/fast_ndt_slam/cmake-build-debug/CMakeFiles/CMakeTmp

Run Build Command:"/usr/bin/make" "cmTC_9ee00/fast"
/usr/bin/make -f CMakeFiles/cmTC_9ee00.dir/build.make CMakeFiles/cmTC_9ee00.dir/build
make[1]: Entering directory '/home/yunle/ws/src/AutoCar/Localization/fast_ndt_slam/cmake-build-debug/CMakeFiles/CMakeTmp'
Building C object CMakeFiles/cmTC_9ee00.dir/CheckSymbolExists.c.o
/usr/bin/cc    -o CMakeFiles/cmTC_9ee00.dir/CheckSymbolExists.c.o   -c /home/yunle/ws/src/AutoCar/Localization/fast_ndt_slam/cmake-build-debug/CMakeFiles/CMakeTmp/CheckSymbolExists.c
Linking C executable cmTC_9ee00
/home/yunle/Soft/clion-2018.2.5/bin/cmake/linux/bin/cmake -E cmake_link_script CMakeFiles/cmTC_9ee00.dir/link.txt --verbose=1
/usr/bin/cc      -rdynamic CMakeFiles/cmTC_9ee00.dir/CheckSymbolExists.c.o  -o cmTC_9ee00 
CMakeFiles/cmTC_9ee00.dir/CheckSymbolExists.c.o: In function `main':
CheckSymbolExists.c:(.text+0x16): undefined reference to `pthread_create'
collect2: error: ld returned 1 exit status
CMakeFiles/cmTC_9ee00.dir/build.make:86: recipe for target 'cmTC_9ee00' failed
make[1]: *** [cmTC_9ee00] Error 1
make[1]: Leaving directory '/home/yunle/ws/src/AutoCar/Localization/fast_ndt_slam/cmake-build-debug/CMakeFiles/CMakeTmp'
Makefile:121: recipe for target 'cmTC_9ee00/fast' failed
make: *** [cmTC_9ee00/fast] Error 2

File /home/yunle/ws/src/AutoCar/Localization/fast_ndt_slam/cmake-build-debug/CMakeFiles/CMakeTmp/CheckSymbolExists.c:
/* */
#include <pthread.h>

int main(int argc, char** argv)
{
  (void)argv;
#ifndef pthread_create
  return ((int*)(&pthread_create))[argc];
#else
  (void)argc;
  return 0;
#endif
}

Determining if the function pthread_create exists in the pthreads failed with the following output:
Change Dir: /home/yunle/ws/src/AutoCar/Localization/fast_ndt_slam/cmake-build-debug/CMakeFiles/CMakeTmp

Run Build Command:"/usr/bin/make" "cmTC_96a42/fast"
/usr/bin/make -f CMakeFiles/cmTC_96a42.dir/build.make CMakeFiles/cmTC_96a42.dir/build
make[1]: Entering directory '/home/yunle/ws/src/AutoCar/Localization/fast_ndt_slam/cmake-build-debug/CMakeFiles/CMakeTmp'
Building C object CMakeFiles/cmTC_96a42.dir/CheckFunctionExists.c.o
/usr/bin/cc   -DCHECK_FUNCTION_EXISTS=pthread_create   -o CMakeFiles/cmTC_96a42.dir/CheckFunctionExists.c.o   -c /home/yunle/Soft/clion-2018.2.5/bin/cmake/linux/share/cmake-3.12/Modules/CheckFunctionExists.c
Linking C executable cmTC_96a42
/home/yunle/Soft/clion-2018.2.5/bin/cmake/linux/bin/cmake -E cmake_link_script CMakeFiles/cmTC_96a42.dir/link.txt --verbose=1
/usr/bin/cc  -DCHECK_FUNCTION_EXISTS=pthread_create    -rdynamic CMakeFiles/cmTC_96a42.dir/CheckFunctionExists.c.o  -o cmTC_96a42 -lpthreads 
/usr/bin/ld: cannot find -lpthreads
collect2: error: ld returned 1 exit status
CMakeFiles/cmTC_96a42.dir/build.make:86: recipe for target 'cmTC_96a42' failed
make[1]: *** [cmTC_96a42] Error 1
make[1]: Leaving directory '/home/yunle/ws/src/AutoCar/Localization/fast_ndt_slam/cmake-build-debug/CMakeFiles/CMakeTmp'
Makefile:121: recipe for target 'cmTC_96a42/fast' failed
make: *** [cmTC_96a42/fast] Error 2


